<?xml version="1.0" encoding="UTF-8"?>
<!-- Generated by org.testng.reporters.JUnitXMLReporter -->
<testsuite ignored="0" hostname="LAPTOP-SPNFT9NK" failures="1" tests="1" name="Test" time="14.475" errors="0" timestamp="2025-12-30T11:02:13 IST">
  <testcase classname="testCases.TC002_LoginTest" name="LoginTest" time="10.468">
    <failure type="java.lang.AssertionError" message="null">
      <![CDATA[java.lang.AssertionError: null
at testCases.TC002_LoginTest.LoginTest(TC002_LoginTest.java:38)
at java.base/java.util.ArrayList.forEach(ArrayList.java:1604)
... Removed 27 stack frames]]>
    </failure>
  </testcase> <!-- LoginTest -->
</testsuite> <!-- Test -->
