<?xml version="1.0" encoding="UTF-8"?>
<testng-results ignored="0" total="1" passed="1" failed="0" skipped="0">
  <reporter-output>
  </reporter-output>
  <suite started-at="2025-12-29T21:10:09 IST" name="Surefire suite" finished-at="2025-12-29T21:10:17 IST" duration-ms="7863">
    <groups>
    </groups>
    <test started-at="2025-12-29T21:10:09 IST" name="Surefire test" finished-at="2025-12-29T21:10:17 IST" duration-ms="7863">
      <class name="testCases.TC001_AccountRegistrationTest">
        <test-method is-config="true" signature="setup()[pri:0, instance:testCases.TC001_AccountRegistrationTest@3b938003]" started-at="2025-12-29T21:10:09 IST" name="setup" finished-at="2025-12-29T21:10:15 IST" duration-ms="6237" status="PASS">
          <reporter-output>
          </reporter-output>
        </test-method> <!-- setup -->
        <test-method signature="verify_accountRegistration()[pri:0, instance:testCases.TC001_AccountRegistrationTest@3b938003]" started-at="2025-12-29T21:10:15 IST" name="verify_accountRegistration" finished-at="2025-12-29T21:10:16 IST" duration-ms="1465" status="PASS">
          <reporter-output>
          </reporter-output>
        </test-method> <!-- verify_accountRegistration -->
        <test-method is-config="true" signature="tearDown()[pri:0, instance:testCases.TC001_AccountRegistrationTest@3b938003]" started-at="2025-12-29T21:10:16 IST" name="tearDown" finished-at="2025-12-29T21:10:17 IST" duration-ms="143" status="PASS">
          <reporter-output>
          </reporter-output>
        </test-method> <!-- tearDown -->
      </class> <!-- testCases.TC001_AccountRegistrationTest -->
    </test> <!-- Surefire test -->
  </suite> <!-- Surefire suite -->
</testng-results>
