<?xml version="1.0" encoding="UTF-8"?>
<testng-results ignored="0" total="3" passed="3" failed="0" skipped="0">
  <reporter-output>
  </reporter-output>
  <suite started-at="2025-12-30T15:20:52 IST" name="MasterSuite" finished-at="2025-12-30T15:21:09 IST" duration-ms="16863">
    <groups>
      <group name="regression">
        <method signature="TC001_AccountRegistrationTest.verify_accountRegistration()[pri:0, instance:testCases.TC001_AccountRegistrationTest@32eff876]" name="verify_accountRegistration" class="testCases.TC001_AccountRegistrationTest"/>
      </group> <!-- regression -->
      <group name="sanity">
        <method signature="TC002_LoginTest.LoginTest(java.lang.String,java.lang.String,java.lang.String)[pri:0, instance:testCases.TC002_LoginTest@6aba2b86]" name="LoginTest" class="testCases.TC002_LoginTest"/>
      </group> <!-- sanity -->
      <group name="master">
        <method signature="TC001_AccountRegistrationTest.verify_accountRegistration()[pri:0, instance:testCases.TC001_AccountRegistrationTest@32eff876]" name="verify_accountRegistration" class="testCases.TC001_AccountRegistrationTest"/>
        <method signature="TC002_LoginTest.LoginTest(java.lang.String,java.lang.String,java.lang.String)[pri:0, instance:testCases.TC002_LoginTest@6aba2b86]" name="LoginTest" class="testCases.TC002_LoginTest"/>
      </group> <!-- master -->
    </groups>
    <test started-at="2025-12-30T15:20:52 IST" name="Test" finished-at="2025-12-30T15:21:09 IST" duration-ms="16863">
      <class name="testCases.TC002_LoginTest">
        <test-method is-config="true" signature="setup(java.lang.String,java.lang.String)[pri:0, instance:testCases.TC002_LoginTest@6aba2b86]" started-at="2025-12-30T15:20:56 IST" name="setup" finished-at="2025-12-30T15:20:57 IST" duration-ms="1491" status="PASS">
          <params>
            <param index="0">
              <value>
                <![CDATA[Windows]]>
              </value>
            </param>
            <param index="1">
              <value>
                <![CDATA[chrome]]>
              </value>
            </param>
          </params>
          <reporter-output>
          </reporter-output>
        </test-method> <!-- setup -->
        <test-method signature="LoginTest(java.lang.String,java.lang.String,java.lang.String)[pri:0, instance:testCases.TC002_LoginTest@6aba2b86]" started-at="2025-12-30T15:20:58 IST" name="LoginTest" data-provider="LoginData" finished-at="2025-12-30T15:21:06 IST" duration-ms="8600" status="PASS">
          <params>
            <param index="0">
              <value>
                <![CDATA[nv5oc@airsworld.net]]>
              </value>
            </param>
            <param index="1">
              <value>
                <![CDATA[admin@123]]>
              </value>
            </param>
            <param index="2">
              <value>
                <![CDATA[Valid]]>
              </value>
            </param>
          </params>
          <reporter-output>
          </reporter-output>
        </test-method> <!-- LoginTest -->
        <test-method signature="LoginTest(java.lang.String,java.lang.String,java.lang.String)[pri:0, instance:testCases.TC002_LoginTest@6aba2b86]" started-at="2025-12-30T15:21:06 IST" name="LoginTest" data-provider="LoginData" finished-at="2025-12-30T15:21:09 IST" duration-ms="2097" status="PASS">
          <params>
            <param index="0">
              <value>
                <![CDATA[tayodat850@dubokutv.com]]>
              </value>
            </param>
            <param index="1">
              <value>
                <![CDATA[admin@123]]>
              </value>
            </param>
            <param index="2">
              <value>
                <![CDATA[Valid]]>
              </value>
            </param>
          </params>
          <reporter-output>
          </reporter-output>
        </test-method> <!-- LoginTest -->
        <test-method is-config="true" signature="tearDown()[pri:0, instance:testCases.TC002_LoginTest@6aba2b86]" started-at="2025-12-30T15:21:09 IST" name="tearDown" finished-at="2025-12-30T15:21:09 IST" duration-ms="167" status="PASS">
          <reporter-output>
          </reporter-output>
        </test-method> <!-- tearDown -->
      </class> <!-- testCases.TC002_LoginTest -->
      <class name="testCases.TC001_AccountRegistrationTest">
        <test-method is-config="true" signature="setup(java.lang.String,java.lang.String)[pri:0, instance:testCases.TC001_AccountRegistrationTest@32eff876]" started-at="2025-12-30T15:20:52 IST" name="setup" finished-at="2025-12-30T15:20:54 IST" duration-ms="2091" status="PASS">
          <params>
            <param index="0">
              <value>
                <![CDATA[Windows]]>
              </value>
            </param>
            <param index="1">
              <value>
                <![CDATA[chrome]]>
              </value>
            </param>
          </params>
          <reporter-output>
          </reporter-output>
        </test-method> <!-- setup -->
        <test-method signature="verify_accountRegistration()[pri:0, instance:testCases.TC001_AccountRegistrationTest@32eff876]" started-at="2025-12-30T15:20:54 IST" name="verify_accountRegistration" finished-at="2025-12-30T15:20:56 IST" duration-ms="1661" status="PASS">
          <reporter-output>
          </reporter-output>
        </test-method> <!-- verify_accountRegistration -->
        <test-method is-config="true" signature="tearDown()[pri:0, instance:testCases.TC001_AccountRegistrationTest@32eff876]" started-at="2025-12-30T15:20:56 IST" name="tearDown" finished-at="2025-12-30T15:20:56 IST" duration-ms="159" status="PASS">
          <reporter-output>
          </reporter-output>
        </test-method> <!-- tearDown -->
      </class> <!-- testCases.TC001_AccountRegistrationTest -->
    </test> <!-- Test -->
  </suite> <!-- MasterSuite -->
</testng-results>
