<?xml version="1.0" encoding="UTF-8"?>
<!-- Generated by org.testng.reporters.JUnitXMLReporter -->
<testsuite ignored="0" hostname="LAPTOP-SPNFT9NK" failures="0" tests="3" name="Test" time="8.433" errors="0" timestamp="2025-12-30T13:59:32 IST">
  <testcase classname="testCases.TC001_AccountRegistrationTest" name="verify_accountRegistration" time="1.47"/>
  <testcase classname="testCases.TC002_LoginTest" name="LoginTest" time="1.439"/>
  <testcase classname="testCases.TC002_LoginTest" name="LoginTest" time="1.319"/>
</testsuite> <!-- Test -->
