<?xml version="1.0" encoding="UTF-8"?>
<!-- Generated by org.testng.reporters.JUnitXMLReporter -->
<testsuite ignored="0" hostname="LAPTOP-SPNFT9NK" failures="0" tests="3" name="Test" time="16.863" errors="0" timestamp="2025-12-30T15:21:09 IST">
  <testcase classname="testCases.TC001_AccountRegistrationTest" name="verify_accountRegistration" time="1.661"/>
  <testcase classname="testCases.TC002_LoginTest" name="LoginTest" time="8.6"/>
  <testcase classname="testCases.TC002_LoginTest" name="LoginTest" time="2.097"/>
</testsuite> <!-- Test -->
